Tue Dec 15 23:00:15 CST 2015  [debug] AvalonLogSystem initialized using logfile '/E/myproject/my-java-project/workspace/.metadata/.plugins/com.genuitec.eclipse.templates/velocity.log'
Tue Dec 15 23:00:15 CST 2015   [info] ************************************************************** 
Tue Dec 15 23:00:15 CST 2015   [info] Starting Jakarta Velocity v1.4
Tue Dec 15 23:00:15 CST 2015   [info] RuntimeInstance initializing.
Tue Dec 15 23:00:15 CST 2015   [info] Default Properties File: org/apache/velocity/runtime/defaults/velocity.properties
Tue Dec 15 23:00:15 CST 2015   [info] Trying to use logger class org.apache.velocity.runtime.log.AvalonLogSystem
Tue Dec 15 23:00:15 CST 2015   [info] Using logger class org.apache.velocity.runtime.log.AvalonLogSystem
Tue Dec 15 23:00:15 CST 2015   [info] Default ResourceManager initializing. (class org.apache.velocity.runtime.resource.ResourceManagerImpl)
Tue Dec 15 23:00:15 CST 2015   [info] Resource Loader Instantiated: com.genuitec.eclipse.templates.internal.PluginResourceLoader
Tue Dec 15 23:00:15 CST 2015   [info] ResourceCache : initialized. (class org.apache.velocity.runtime.resource.ResourceCacheImpl)
Tue Dec 15 23:00:15 CST 2015   [info] Default ResourceManager initialization complete.
Tue Dec 15 23:00:15 CST 2015   [info] Loaded System Directive: org.apache.velocity.runtime.directive.Literal
Tue Dec 15 23:00:15 CST 2015   [info] Loaded System Directive: org.apache.velocity.runtime.directive.Macro
Tue Dec 15 23:00:15 CST 2015   [info] Loaded System Directive: org.apache.velocity.runtime.directive.Parse
Tue Dec 15 23:00:15 CST 2015   [info] Loaded System Directive: org.apache.velocity.runtime.directive.Include
Tue Dec 15 23:00:15 CST 2015   [info] Loaded System Directive: org.apache.velocity.runtime.directive.Foreach
Tue Dec 15 23:00:15 CST 2015   [info] Created: 20 parsers.
Tue Dec 15 23:00:15 CST 2015   [info] Velocimacro : initialization starting.
Tue Dec 15 23:00:15 CST 2015   [info] Velocimacro : adding VMs from VM library template : VM_global_library.vm
Tue Dec 15 23:00:15 CST 2015   [info] ResourceManager : found VM_global_library.vm with loader com.genuitec.eclipse.templates.internal.PluginResourceLoader
Tue Dec 15 23:00:15 CST 2015   [info] Velocimacro :  VM library template macro registration complete.
Tue Dec 15 23:00:15 CST 2015   [info] Velocimacro : allowInline = true : VMs can be defined inline in templates
Tue Dec 15 23:00:15 CST 2015   [info] Velocimacro : allowInlineToOverride = true : VMs defined inline may replace previous VM definitions
Tue Dec 15 23:00:15 CST 2015   [info] Velocimacro : allowInlineLocal = true : VMs defined inline will be local to their defining template only.
Tue Dec 15 23:00:15 CST 2015   [info] Velocimacro : messages on  : VM system will output logging messages
Tue Dec 15 23:00:15 CST 2015   [info] Velocimacro : autoload off  : VM system will not automatically reload global library macros
Tue Dec 15 23:00:15 CST 2015   [info] Velocimacro : initialization complete.
Tue Dec 15 23:00:15 CST 2015   [info] Velocity successfully started.
Tue Dec 15 23:00:15 CST 2015   [info] ResourceManager : found /templates/velocity/welcome/Jsp.vtl with loader com.genuitec.eclipse.templates.internal.PluginResourceLoader
