2016-11-09 20:18:30,448 [Worker-0] WARN  o.e.m.c.i.embedder.EclipseLogger - The artifact freemarker:freemarker:jar:2.3.9 has been relocated to org.freemarker:freemarker:jar:2.3.9
2016-11-09 20:18:34,464 [Worker-0] WARN  o.e.m.c.i.embedder.EclipseLogger - The artifact freemarker:freemarker:jar:2.3.9 has been relocated to org.freemarker:freemarker:jar:2.3.9
2016-11-09 20:18:37,116 [Worker-27] INFO  o.e.m.c.i.l.LifecycleMappingFactory - Using org.maven.ide.eclipse.wtp.WarLifecycleMapping lifecycle mapping for MavenProject: cn.itcast:babasport:0.0.1-SNAPSHOT @ /E/myproject/my-java-project/eclipseworkspace/babasport/pom.xml.
2016-11-09 20:18:37,341 [Worker-27] WARN  o.e.m.c.i.embedder.EclipseLogger - The artifact freemarker:freemarker:jar:2.3.9 has been relocated to org.freemarker:freemarker:jar:2.3.9
2016-11-09 20:18:38,393 [Worker-27] WARN  o.e.m.c.i.embedder.EclipseLogger - The artifact freemarker:freemarker:jar:2.3.9 has been relocated to org.freemarker:freemarker:jar:2.3.9
2016-11-09 20:18:47,346 [Worker-27] INFO  o.e.m.c.i.embedder.EclipseLogger - Using 'UTF-8' encoding to copy filtered resources.
2016-11-09 20:18:47,478 [Worker-27] INFO  o.e.m.c.i.embedder.EclipseLogger - Copying 28 resources
2016-11-09 20:18:48,564 [Worker-27] INFO  o.e.m.c.i.embedder.EclipseLogger - Using 'UTF-8' encoding to copy filtered resources.
2016-11-09 20:18:48,565 [Worker-27] INFO  o.e.m.c.i.embedder.EclipseLogger - Copying 0 resource
2016-11-09 20:19:06,904 [Worker-8] WARN  o.e.m.c.i.embedder.EclipseLogger - The artifact freemarker:freemarker:jar:2.3.9 has been relocated to org.freemarker:freemarker:jar:2.3.9
2016-11-09 20:19:06,959 [Worker-8] INFO  o.e.m.c.i.embedder.EclipseLogger - Using 'UTF-8' encoding to copy filtered resources.
2016-11-09 20:19:06,995 [Worker-8] INFO  o.e.m.c.i.embedder.EclipseLogger - Copying 28 resources
2016-11-09 20:19:07,096 [Worker-8] INFO  o.e.m.c.i.embedder.EclipseLogger - Using 'UTF-8' encoding to copy filtered resources.
2016-11-09 20:19:07,097 [Worker-8] INFO  o.e.m.c.i.embedder.EclipseLogger - Copying 0 resource
2016-11-09 20:32:46,456 [Worker-16] INFO  o.e.m.c.i.embedder.EclipseLogger - Using 'UTF-8' encoding to copy filtered resources.
2016-11-09 20:32:47,414 [Worker-16] INFO  o.e.m.c.i.embedder.EclipseLogger - Copying 1 resource
2016-11-09 20:32:48,594 [Worker-16] INFO  o.e.m.c.i.embedder.EclipseLogger - Using 'UTF-8' encoding to copy filtered resources.
2016-11-09 20:32:48,711 [Worker-16] INFO  o.e.m.c.i.embedder.EclipseLogger - Copying 0 resource
2016-11-09 20:33:43,153 [Worker-32] INFO  o.e.m.c.i.embedder.EclipseLogger - Using 'UTF-8' encoding to copy filtered resources.
2016-11-09 20:33:43,153 [Worker-32] INFO  o.e.m.c.i.embedder.EclipseLogger - Copying 0 resource
2016-11-09 20:33:43,176 [Worker-32] INFO  o.e.m.c.i.embedder.EclipseLogger - Using 'UTF-8' encoding to copy filtered resources.
2016-11-09 20:33:43,190 [Worker-32] INFO  o.e.m.c.i.embedder.EclipseLogger - Copying 0 resource
2016-11-09 20:33:48,863 [Worker-14] INFO  o.e.m.c.i.embedder.EclipseLogger - Using 'UTF-8' encoding to copy filtered resources.
2016-11-09 20:33:48,864 [Worker-14] INFO  o.e.m.c.i.embedder.EclipseLogger - Copying 0 resource
2016-11-09 20:33:48,865 [Worker-14] INFO  o.e.m.c.i.embedder.EclipseLogger - Using 'UTF-8' encoding to copy filtered resources.
2016-11-09 20:33:48,865 [Worker-14] INFO  o.e.m.c.i.embedder.EclipseLogger - Copying 0 resource
2016-11-09 20:34:46,204 [Worker-32] INFO  o.e.m.c.i.embedder.EclipseLogger - Using 'UTF-8' encoding to copy filtered resources.
2016-11-09 20:34:46,204 [Worker-32] INFO  o.e.m.c.i.embedder.EclipseLogger - Copying 0 resource
2016-11-09 20:34:46,230 [Worker-32] INFO  o.e.m.c.i.embedder.EclipseLogger - Using 'UTF-8' encoding to copy filtered resources.
2016-11-09 20:34:46,231 [Worker-32] INFO  o.e.m.c.i.embedder.EclipseLogger - Copying 0 resource
2016-11-09 20:37:41,942 [Worker-30] INFO  o.e.m.c.i.embedder.EclipseLogger - Using 'UTF-8' encoding to copy filtered resources.
2016-11-09 20:37:41,943 [Worker-30] INFO  o.e.m.c.i.embedder.EclipseLogger - Copying 1 resource
2016-11-09 20:37:41,951 [Worker-30] INFO  o.e.m.c.i.embedder.EclipseLogger - Using 'UTF-8' encoding to copy filtered resources.
2016-11-09 20:37:41,951 [Worker-30] INFO  o.e.m.c.i.embedder.EclipseLogger - Copying 0 resource
2016-11-09 20:39:11,420 [Worker-26] INFO  o.e.m.c.i.embedder.EclipseLogger - Using 'UTF-8' encoding to copy filtered resources.
2016-11-09 20:39:11,420 [Worker-26] INFO  o.e.m.c.i.embedder.EclipseLogger - Copying 1 resource
2016-11-09 20:39:11,457 [Worker-26] INFO  o.e.m.c.i.embedder.EclipseLogger - Using 'UTF-8' encoding to copy filtered resources.
2016-11-09 20:39:11,459 [Worker-26] INFO  o.e.m.c.i.embedder.EclipseLogger - Copying 0 resource
2016-11-09 20:55:32,697 [Worker-44] INFO  o.e.m.c.i.embedder.EclipseLogger - Using 'UTF-8' encoding to copy filtered resources.
2016-11-09 20:55:33,080 [Worker-44] INFO  o.e.m.c.i.embedder.EclipseLogger - Copying 29 resources
2016-11-09 20:55:33,323 [Worker-44] INFO  o.e.m.c.i.embedder.EclipseLogger - Using 'UTF-8' encoding to copy filtered resources.
2016-11-09 20:55:33,341 [Worker-44] INFO  o.e.m.c.i.embedder.EclipseLogger - Copying 0 resource
2016-11-09 21:14:11,477 [Worker-21] WARN  o.e.m.c.i.embedder.EclipseLogger - The artifact freemarker:freemarker:jar:2.3.9 has been relocated to org.freemarker:freemarker:jar:2.3.9
2016-11-09 21:14:15,726 [Worker-21] INFO  o.e.m.c.i.embedder.EclipseLogger - Using 'UTF-8' encoding to copy filtered resources.
2016-11-09 21:14:15,735 [Worker-21] INFO  o.e.m.c.i.embedder.EclipseLogger - Copying 29 resources
2016-11-09 21:14:15,956 [Worker-21] INFO  o.e.m.c.i.embedder.EclipseLogger - Using 'UTF-8' encoding to copy filtered resources.
2016-11-09 21:14:15,957 [Worker-21] INFO  o.e.m.c.i.embedder.EclipseLogger - Copying 0 resource
